<?xml version="1.0" encoding="UTF-8"?>
<!-- Generated by org.testng.reporters.JUnitReportReporter -->
<testsuite skipped="0" hostname="Nafiss-MBP" name="testRunnerClass.RunnerClass" tests="1" failures="0" timestamp="2023-06-05T20:32:09 EDT" time="0.138" errors="1">
  <testcase name="runScenario" time="0.138" classname="testRunnerClass.RunnerClass">
    <error type="java.lang.NullPointerException">
      <![CDATA[java.lang.NullPointerException
at testActionsClass.LoginActions.getDemoWebShopHomepage(LoginActions.java:22)
at testStepDefinitions.LoginStepDefinition.user_is_on_Demo_Web_Shop_homepage(LoginStepDefinition.java:57)
at ✽.User is on Demo Web Shop homepage(file:///Users/nafisyasar/git/TestBDD/TestBDD/src/test/resources/Features/Login.feature:3)
]]>
    </error>
  </testcase> <!-- runScenario -->
  <system-out/>
</testsuite> <!-- testRunnerClass.RunnerClass -->
