<?xml version="1.0" encoding="UTF-8"?>
<testng-results skipped="0" failed="1" ignored="0" total="1" passed="0">
  <reporter-output>
  </reporter-output>
  <suite name="Default suite" duration-ms="658" started-at="2023-06-05T20:32:08 EDT" finished-at="2023-06-05T20:32:09 EDT">
    <groups>
      <group name="cucumber">
        <method signature="AbstractTestNGCucumberTests.runScenario(io.cucumber.testng.PickleWrapper,io.cucumber.testng.FeatureWrapper)[pri:0, instance:testRunnerClass.RunnerClass@7a30d1e6]" name="runScenario" class="io.cucumber.testng.AbstractTestNGCucumberTests"/>
      </group> <!-- cucumber -->
    </groups>
    <test name="Default test" duration-ms="658" started-at="2023-06-05T20:32:08 EDT" finished-at="2023-06-05T20:32:09 EDT">
      <class name="testRunnerClass.RunnerClass">
        <test-method status="PASS" signature="setUpClass()[pri:0, instance:testRunnerClass.RunnerClass@7a30d1e6]" name="setUpClass" is-config="true" duration-ms="342" started-at="2023-06-05T20:32:08 EDT" finished-at="2023-06-05T20:32:08 EDT">
          <reporter-output>
          </reporter-output>
        </test-method> <!-- setUpClass -->
        <test-method status="FAIL" signature="runScenario(io.cucumber.testng.PickleWrapper,io.cucumber.testng.FeatureWrapper)[pri:0, instance:testRunnerClass.RunnerClass@7a30d1e6]" name="runScenario" duration-ms="138" started-at="2023-06-05T20:32:08 EDT" description="Runs Cucumber Scenarios" data-provider="scenarios" finished-at="2023-06-05T20:32:09 EDT">
          <params>
            <param index="0">
              <value>
                <![CDATA["User should be able to see login page after clicking login button"]]>
              </value>
            </param>
            <param index="1">
              <value>
                <![CDATA["Login Functionality"]]>
              </value>
            </param>
          </params>
          <exception class="java.lang.NullPointerException">
            <full-stacktrace>
              <![CDATA[java.lang.NullPointerException
at testActionsClass.LoginActions.getDemoWebShopHomepage(LoginActions.java:22)
at testStepDefinitions.LoginStepDefinition.user_is_on_Demo_Web_Shop_homepage(LoginStepDefinition.java:57)
at ✽.User is on Demo Web Shop homepage(file:///Users/nafisyasar/git/TestBDD/TestBDD/src/test/resources/Features/Login.feature:3)
]]>
            </full-stacktrace>
          </exception> <!-- java.lang.NullPointerException -->
          <reporter-output>
          </reporter-output>
        </test-method> <!-- runScenario -->
        <test-method status="PASS" signature="tearDownClass()[pri:0, instance:testRunnerClass.RunnerClass@7a30d1e6]" name="tearDownClass" is-config="true" duration-ms="146" started-at="2023-06-05T20:32:09 EDT" finished-at="2023-06-05T20:32:09 EDT">
          <reporter-output>
          </reporter-output>
        </test-method> <!-- tearDownClass -->
      </class> <!-- testRunnerClass.RunnerClass -->
    </test> <!-- Default test -->
  </suite> <!-- Default suite -->
</testng-results>
