<?xml version="1.0" encoding="UTF-8"?>
<!-- Generated by org.testng.reporters.JUnitXMLReporter -->
<testsuite hostname="Nafiss-MBP" ignored="0" name="Default test" tests="1" failures="1" timestamp="2023-06-05T20:32:09 EDT" time="0.658" errors="0">
  <testcase name="runScenario" time="0.138" classname="io.cucumber.testng.AbstractTestNGCucumberTests">
    <failure type="java.lang.NullPointerException">
      <![CDATA[java.lang.NullPointerException
at testActionsClass.LoginActions.getDemoWebShopHomepage(LoginActions.java:22)
at testStepDefinitions.LoginStepDefinition.user_is_on_Demo_Web_Shop_homepage(LoginStepDefinition.java:57)
at ✽.User is on Demo Web Shop homepage(file:///Users/nafisyasar/git/TestBDD/TestBDD/src/test/resources/Features/Login.feature:3)
]]>
    </failure>
  </testcase> <!-- runScenario -->
</testsuite> <!-- Default test -->
